[0m2021.09.08 10:49:52 INFO  Started: Metals version 0.10.6 in workspace 'C:\Users\boood\OneDrive\Projects\macq_app\macq-application' for client Visual Studio Code 1.60.0.[0m
[0m2021.09.08 10:49:52 INFO  time: initialize in 0.81s[0m
[0m2021.09.08 10:49:53 WARN  Build server is not auto-connectable.[0m
[0m2021.09.08 10:55:09 INFO  shutting down Metals[0m
[0m2021.09.08 10:55:09 ERROR Unexpected error initializing server
org.eclipse.lsp4j.jsonrpc.ResponseErrorException: Request window/showMessageRequest failed with message: Canceled
	at org.eclipse.lsp4j.jsonrpc.RemoteEndpoint.handleResponse(RemoteEndpoint.java:209)
	at org.eclipse.lsp4j.jsonrpc.RemoteEndpoint.consume(RemoteEndpoint.java:193)
	at org.eclipse.lsp4j.jsonrpc.json.StreamMessageProducer.handleMessage(StreamMessageProducer.java:194)
	at org.eclipse.lsp4j.jsonrpc.json.StreamMessageProducer.listen(StreamMessageProducer.java:94)
	at org.eclipse.lsp4j.jsonrpc.json.ConcurrentMessageProcessor.run(ConcurrentMessageProcessor.java:113)
	at java.util.concurrent.Executors$RunnableAdapter.call(Executors.java:511)
	at java.util.concurrent.FutureTask.run(FutureTask.java:266)
	at java.util.concurrent.ThreadPoolExecutor.runWorker(ThreadPoolExecutor.java:1149)
	at java.util.concurrent.ThreadPoolExecutor$Worker.run(ThreadPoolExecutor.java:624)
	at java.lang.Thread.run(Thread.java:748)
[0m
[0m2021.09.08 12:22:49 INFO  Started: Metals version 0.10.6 in workspace 'C:\Users\boood\OneDrive\Projects\macq_app\macq-application' for client Visual Studio Code 1.60.0.[0m
[0m2021.09.08 12:22:50 INFO  time: initialize in 0.98s[0m
[0m2021.09.08 12:22:51 WARN  Build server is not auto-connectable.[0m
[0m2021.09.08 12:22:52 INFO  skipping build import with status 'Requested'[0m
[0m2021.09.08 14:46:03 INFO  shutting down Metals[0m
[0m2021.09.08 15:08:11 INFO  Started: Metals version 0.10.6 in workspace 'C:\Users\boood\OneDrive\Projects\macq_app\macq-application' for client Visual Studio Code 1.60.0.[0m
[0m2021.09.08 15:08:12 INFO  time: initialize in 0.57s[0m
[0m2021.09.08 15:08:12 WARN  Build server is not auto-connectable.[0m
[0m2021.09.08 15:08:13 INFO  skipping build import with status 'Requested'[0m
